app/build/intermediates/manifest_merge_blame_file/debug/processDebugMainManifest/manifest-merger-blame-debug-report.txt
1<?xml version="1.0" encoding="utf-8"?>
2<manifest xmlns:android="http://schemas.android.com/apk/res/android"
3    package="com.streamingtv.channelstv"
4    android:versionCode="1"
5    android:versionName="1.0" >
6
7    <uses-sdk
8        android:minSdkVersion="24"
9        android:targetSdkVersion="36" />
10
11    <uses-permission android:name="android.permission.INTERNET" />
11-->src\main\AndroidManifest.xml:4:5-66
11-->src\main\AndroidManifest.xml:4:22-64
12    <uses-permission android:name="android.permission.ACCESS_NETWORK_STATE" />
12-->src\main\AndroidManifest.xml:5:5-78
12-->src\main\AndroidManifest.xml:5:22-76
13    <uses-permission android:name="android.permission.WAKE_LOCK" />
13-->src\main\AndroidManifest.xml:6:5-67
13-->src\main\AndroidManifest.xml:6:22-65
14    <uses-permission android:name="android.permission.FOREGROUND_SERVICE" />
14-->src\main\AndroidManifest.xml:7:5-76
14-->src\main\AndroidManifest.xml:7:22-74
15    <uses-permission android:name="com.google.android.gms.permission.AD_ID" />
15-->src\main\AndroidManifest.xml:8:5-78
15-->src\main\AndroidManifest.xml:8:22-76
16
17    <uses-feature
17-->src\main\AndroidManifest.xml:10:5-89
18        android:name="android.hardware.touchscreen"
18-->src\main\AndroidManifest.xml:10:19-62
19        android:required="false" />
19-->src\main\AndroidManifest.xml:10:63-87
20    <uses-feature
20-->src\main\AndroidManifest.xml:11:5-86
21        android:name="android.software.leanback"
21-->src\main\AndroidManifest.xml:11:19-59
22        android:required="false" />
22-->src\main\AndroidManifest.xml:11:60-84
23
24    <queries>
24-->src\main\AndroidManifest.xml:13:5-19:15
25        <intent>
25-->src\main\AndroidManifest.xml:14:9-18:18
26            <action android:name="android.intent.action.VIEW" />
26-->src\main\AndroidManifest.xml:15:13-64
26-->src\main\AndroidManifest.xml:15:21-62
27
28            <category android:name="android.intent.category.BROWSABLE" />
28-->src\main\AndroidManifest.xml:16:13-73
28-->src\main\AndroidManifest.xml:16:23-71
29
30            <data android:scheme="https" />
30-->src\main\AndroidManifest.xml:17:13-43
30-->src\main\AndroidManifest.xml:17:19-41
31        </intent>
32        <!-- End of browser content -->
33        <!-- For CustomTabsService -->
34        <intent>
34-->[com.google.android.gms:play-services-ads-lite:23.5.0] AndroidManifest.xml:47:9-49:18
35            <action android:name="android.support.customtabs.action.CustomTabsService" />
35-->[com.google.android.gms:play-services-ads-lite:23.5.0] AndroidManifest.xml:48:13-90
35-->[com.google.android.gms:play-services-ads-lite:23.5.0] AndroidManifest.xml:48:21-87
36        </intent> <!-- End of CustomTabsService -->
37        <!-- For MRAID capabilities -->
38        <intent>
38-->[com.google.android.gms:play-services-ads-lite:23.5.0] AndroidManifest.xml:52:9-56:18
39            <action android:name="android.intent.action.INSERT" />
39-->[com.google.android.gms:play-services-ads-lite:23.5.0] AndroidManifest.xml:53:13-67
39-->[com.google.android.gms:play-services-ads-lite:23.5.0] AndroidManifest.xml:53:21-64
40
41            <data android:mimeType="vnd.android.cursor.dir/event" />
41-->src\main\AndroidManifest.xml:17:13-43
42        </intent>
43        <intent>
43-->[com.google.android.gms:play-services-ads-lite:23.5.0] AndroidManifest.xml:57:9-61:18
44            <action android:name="android.intent.action.VIEW" />
44-->src\main\AndroidManifest.xml:15:13-64
44-->src\main\AndroidManifest.xml:15:21-62
45
46            <data android:scheme="sms" />
46-->src\main\AndroidManifest.xml:17:13-43
46-->src\main\AndroidManifest.xml:17:19-41
47        </intent>
48        <intent>
48-->[com.google.android.gms:play-services-ads-lite:23.5.0] AndroidManifest.xml:62:9-66:18
49            <action android:name="android.intent.action.DIAL" />
49-->[com.google.android.gms:play-services-ads-lite:23.5.0] AndroidManifest.xml:63:13-65
49-->[com.google.android.gms:play-services-ads-lite:23.5.0] AndroidManifest.xml:63:21-62
50
51            <data android:path="tel:" />
51-->src\main\AndroidManifest.xml:17:13-43
52        </intent>
53    </queries>
54
55    <uses-permission android:name="android.permission.ACCESS_ADSERVICES_AD_ID" />
55-->[com.google.android.gms:play-services-ads-lite:23.5.0] AndroidManifest.xml:27:5-82
55-->[com.google.android.gms:play-services-ads-lite:23.5.0] AndroidManifest.xml:27:22-79
56    <uses-permission android:name="android.permission.ACCESS_ADSERVICES_ATTRIBUTION" />
56-->[com.google.android.gms:play-services-ads-lite:23.5.0] AndroidManifest.xml:28:5-88
56-->[com.google.android.gms:play-services-ads-lite:23.5.0] AndroidManifest.xml:28:22-85
57    <uses-permission android:name="android.permission.ACCESS_ADSERVICES_TOPICS" />
57-->[com.google.android.gms:play-services-ads-lite:23.5.0] AndroidManifest.xml:29:5-83
57-->[com.google.android.gms:play-services-ads-lite:23.5.0] AndroidManifest.xml:29:22-80
58
59    <permission
59-->[androidx.core:core:1.15.0] AndroidManifest.xml:22:5-24:47
60        android:name="com.streamingtv.channelstv.DYNAMIC_RECEIVER_NOT_EXPORTED_PERMISSION"
60-->[androidx.core:core:1.15.0] AndroidManifest.xml:23:9-81
61        android:protectionLevel="signature" />
61-->[androidx.core:core:1.15.0] AndroidManifest.xml:24:9-44
62
63    <uses-permission android:name="com.streamingtv.channelstv.DYNAMIC_RECEIVER_NOT_EXPORTED_PERMISSION" />
63-->[androidx.core:core:1.15.0] AndroidManifest.xml:26:5-97
63-->[androidx.core:core:1.15.0] AndroidManifest.xml:26:22-94
64
65    <application
65-->src\main\AndroidManifest.xml:21:5-48:19
66        android:allowBackup="true"
66-->src\main\AndroidManifest.xml:22:9-35
67        android:appComponentFactory="androidx.core.app.CoreComponentFactory"
67-->[androidx.core:core:1.15.0] AndroidManifest.xml:28:18-86
68        android:banner="@mipmap/ic_launcher"
68-->src\main\AndroidManifest.xml:28:9-45
69        android:debuggable="true"
70        android:extractNativeLibs="false"
71        android:icon="@mipmap/ic_launcher"
71-->src\main\AndroidManifest.xml:23:9-43
72        android:label="@string/app_name"
72-->src\main\AndroidManifest.xml:24:9-41
73        android:roundIcon="@mipmap/ic_launcher_round"
73-->src\main\AndroidManifest.xml:25:9-54
74        android:supportsRtl="true"
74-->src\main\AndroidManifest.xml:26:9-35
75        android:testOnly="true"
76        android:theme="@style/Theme.ChannelsTV"
76-->src\main\AndroidManifest.xml:29:9-48
77        android:usesCleartextTraffic="true" >
77-->src\main\AndroidManifest.xml:27:9-44
78
79        <!-- AdMob Application ID -->
80        <meta-data
80-->src\main\AndroidManifest.xml:32:9-34:69
81            android:name="com.google.android.gms.ads.APPLICATION_ID"
81-->src\main\AndroidManifest.xml:33:13-69
82            android:value="ca-app-pub-1578094499373443~7868750291" />
82-->src\main\AndroidManifest.xml:34:13-67
83
84        <activity
84-->src\main\AndroidManifest.xml:36:9-46:20
85            android:name="com.streamingtv.channelstv.MainActivity"
85-->src\main\AndroidManifest.xml:37:13-41
86            android:configChanges="smallestScreenSize|screenSize|screenLayout|orientation"
86-->src\main\AndroidManifest.xml:40:13-91
87            android:exported="true"
87-->src\main\AndroidManifest.xml:38:13-36
88            android:screenOrientation="fullSensor" >
88-->src\main\AndroidManifest.xml:39:13-51
89            <intent-filter>
89-->src\main\AndroidManifest.xml:41:13-45:29
90                <action android:name="android.intent.action.MAIN" />
90-->src\main\AndroidManifest.xml:42:17-68
90-->src\main\AndroidManifest.xml:42:25-66
91
92                <category android:name="android.intent.category.LAUNCHER" />
92-->src\main\AndroidManifest.xml:43:17-76
92-->src\main\AndroidManifest.xml:43:27-74
93                <category android:name="android.intent.category.LEANBACK_LAUNCHER" />
93-->src\main\AndroidManifest.xml:44:17-85
93-->src\main\AndroidManifest.xml:44:27-83
94            </intent-filter>
95        </activity>
96
97        <!-- Include the AdActivity and InAppPurchaseActivity configChanges and themes. -->
98        <activity
98-->[com.google.android.gms:play-services-ads-lite:23.5.0] AndroidManifest.xml:73:9-78:43
99            android:name="com.google.android.gms.ads.AdActivity"
99-->[com.google.android.gms:play-services-ads-lite:23.5.0] AndroidManifest.xml:74:13-65
100            android:configChanges="keyboard|keyboardHidden|orientation|screenLayout|uiMode|screenSize|smallestScreenSize"
100-->[com.google.android.gms:play-services-ads-lite:23.5.0] AndroidManifest.xml:75:13-122
101            android:exported="false"
101-->[com.google.android.gms:play-services-ads-lite:23.5.0] AndroidManifest.xml:76:13-37
102            android:theme="@android:style/Theme.Translucent" />
102-->[com.google.android.gms:play-services-ads-lite:23.5.0] AndroidManifest.xml:77:13-61
103
104        <provider
104-->[com.google.android.gms:play-services-ads-lite:23.5.0] AndroidManifest.xml:80:9-85:43
105            android:name="com.google.android.gms.ads.MobileAdsInitProvider"
105-->[com.google.android.gms:play-services-ads-lite:23.5.0] AndroidManifest.xml:81:13-76
106            android:authorities="com.streamingtv.channelstv.mobileadsinitprovider"
106-->[com.google.android.gms:play-services-ads-lite:23.5.0] AndroidManifest.xml:82:13-73
107            android:exported="false"
107-->[com.google.android.gms:play-services-ads-lite:23.5.0] AndroidManifest.xml:83:13-37
108            android:initOrder="100" />
108-->[com.google.android.gms:play-services-ads-lite:23.5.0] AndroidManifest.xml:84:13-36
109
110        <service
110-->[com.google.android.gms:play-services-ads-lite:23.5.0] AndroidManifest.xml:87:9-91:43
111            android:name="com.google.android.gms.ads.AdService"
111-->[com.google.android.gms:play-services-ads-lite:23.5.0] AndroidManifest.xml:88:13-64
112            android:enabled="true"
112-->[com.google.android.gms:play-services-ads-lite:23.5.0] AndroidManifest.xml:89:13-35
113            android:exported="false" />
113-->[com.google.android.gms:play-services-ads-lite:23.5.0] AndroidManifest.xml:90:13-37
114
115        <activity
115-->[com.google.android.gms:play-services-ads-lite:23.5.0] AndroidManifest.xml:93:9-97:43
116            android:name="com.google.android.gms.ads.OutOfContextTestingActivity"
116-->[com.google.android.gms:play-services-ads-lite:23.5.0] AndroidManifest.xml:94:13-82
117            android:configChanges="keyboard|keyboardHidden|orientation|screenLayout|uiMode|screenSize|smallestScreenSize"
117-->[com.google.android.gms:play-services-ads-lite:23.5.0] AndroidManifest.xml:95:13-122
118            android:exported="false" />
118-->[com.google.android.gms:play-services-ads-lite:23.5.0] AndroidManifest.xml:96:13-37
119        <activity
119-->[com.google.android.gms:play-services-ads-lite:23.5.0] AndroidManifest.xml:98:9-105:43
120            android:name="com.google.android.gms.ads.NotificationHandlerActivity"
120-->[com.google.android.gms:play-services-ads-lite:23.5.0] AndroidManifest.xml:99:13-82
121            android:excludeFromRecents="true"
121-->[com.google.android.gms:play-services-ads-lite:23.5.0] AndroidManifest.xml:100:13-46
122            android:exported="false"
122-->[com.google.android.gms:play-services-ads-lite:23.5.0] AndroidManifest.xml:101:13-37
123            android:launchMode="singleTask"
123-->[com.google.android.gms:play-services-ads-lite:23.5.0] AndroidManifest.xml:102:13-44
124            android:taskAffinity=""
124-->[com.google.android.gms:play-services-ads-lite:23.5.0] AndroidManifest.xml:103:13-36
125            android:theme="@android:style/Theme.Translucent.NoTitleBar" />
125-->[com.google.android.gms:play-services-ads-lite:23.5.0] AndroidManifest.xml:104:13-72
126
127        <property
127-->[com.google.android.gms:play-services-ads-lite:23.5.0] AndroidManifest.xml:107:9-109:62
128            android:name="android.adservices.AD_SERVICES_CONFIG"
128-->[com.google.android.gms:play-services-ads-lite:23.5.0] AndroidManifest.xml:108:13-65
129            android:resource="@xml/gma_ad_services_config" />
129-->[com.google.android.gms:play-services-ads-lite:23.5.0] AndroidManifest.xml:109:13-59
130
131        <service
131-->[com.google.firebase:firebase-database-ktx:21.0.0] AndroidManifest.xml:9:9-15:19
132            android:name="com.google.firebase.components.ComponentDiscoveryService"
132-->[com.google.firebase:firebase-database-ktx:21.0.0] AndroidManifest.xml:10:13-84
133            android:directBootAware="true"
133-->[com.google.firebase:firebase-common:21.0.0] AndroidManifest.xml:32:13-43
134            android:exported="false" >
134-->[com.google.firebase:firebase-database-ktx:21.0.0] AndroidManifest.xml:11:13-37
135            <meta-data
135-->[com.google.firebase:firebase-database-ktx:21.0.0] AndroidManifest.xml:12:13-14:85
136                android:name="com.google.firebase.components:com.google.firebase.database.ktx.FirebaseDatabaseLegacyRegistrar"
136-->[com.google.firebase:firebase-database-ktx:21.0.0] AndroidManifest.xml:13:17-127
137                android:value="com.google.firebase.components.ComponentRegistrar" />
137-->[com.google.firebase:firebase-database-ktx:21.0.0] AndroidManifest.xml:14:17-82
138            <meta-data
138-->[com.google.firebase:firebase-database:21.0.0] AndroidManifest.xml:29:13-31:85
139                android:name="com.google.firebase.components:com.google.firebase.database.FirebaseDatabaseKtxRegistrar"
139-->[com.google.firebase:firebase-database:21.0.0] AndroidManifest.xml:30:17-120
140                android:value="com.google.firebase.components.ComponentRegistrar" />
140-->[com.google.firebase:firebase-database:21.0.0] AndroidManifest.xml:31:17-82
141            <meta-data
141-->[com.google.firebase:firebase-database:21.0.0] AndroidManifest.xml:32:13-34:85
142                android:name="com.google.firebase.components:com.google.firebase.database.DatabaseRegistrar"
142-->[com.google.firebase:firebase-database:21.0.0] AndroidManifest.xml:33:17-109
143                android:value="com.google.firebase.components.ComponentRegistrar" />
143-->[com.google.firebase:firebase-database:21.0.0] AndroidManifest.xml:34:17-82
144            <meta-data
144-->[com.google.firebase:firebase-common-ktx:21.0.0] AndroidManifest.xml:12:13-14:85
145                android:name="com.google.firebase.components:com.google.firebase.ktx.FirebaseCommonLegacyRegistrar"
145-->[com.google.firebase:firebase-common-ktx:21.0.0] AndroidManifest.xml:13:17-116
146                android:value="com.google.firebase.components.ComponentRegistrar" />
146-->[com.google.firebase:firebase-common-ktx:21.0.0] AndroidManifest.xml:14:17-82
147            <meta-data
147-->[com.google.firebase:firebase-common:21.0.0] AndroidManifest.xml:35:13-37:85
148                android:name="com.google.firebase.components:com.google.firebase.FirebaseCommonKtxRegistrar"
148-->[com.google.firebase:firebase-common:21.0.0] AndroidManifest.xml:36:17-109
149                android:value="com.google.firebase.components.ComponentRegistrar" />
149-->[com.google.firebase:firebase-common:21.0.0] AndroidManifest.xml:37:17-82
150        </service>
151
152        <provider
152-->[com.google.firebase:firebase-common:21.0.0] AndroidManifest.xml:23:9-28:39
153            android:name="com.google.firebase.provider.FirebaseInitProvider"
153-->[com.google.firebase:firebase-common:21.0.0] AndroidManifest.xml:24:13-77
154            android:authorities="com.streamingtv.channelstv.firebaseinitprovider"
154-->[com.google.firebase:firebase-common:21.0.0] AndroidManifest.xml:25:13-72
155            android:directBootAware="true"
155-->[com.google.firebase:firebase-common:21.0.0] AndroidManifest.xml:26:13-43
156            android:exported="false"
156-->[com.google.firebase:firebase-common:21.0.0] AndroidManifest.xml:27:13-37
157            android:initOrder="100" />
157-->[com.google.firebase:firebase-common:21.0.0] AndroidManifest.xml:28:13-36
158
159        <activity
159-->[androidx.compose.ui:ui-tooling-android:1.7.6] AndroidManifest.xml:23:9-25:39
160            android:name="androidx.compose.ui.tooling.PreviewActivity"
160-->[androidx.compose.ui:ui-tooling-android:1.7.6] AndroidManifest.xml:24:13-71
161            android:exported="true" />
161-->[androidx.compose.ui:ui-tooling-android:1.7.6] AndroidManifest.xml:25:13-36
162        <activity
162-->[com.google.android.gms:play-services-base:18.1.0] AndroidManifest.xml:20:9-22:45
163            android:name="com.google.android.gms.common.api.GoogleApiActivity"
163-->[com.google.android.gms:play-services-base:18.1.0] AndroidManifest.xml:20:19-85
164            android:exported="false"
164-->[com.google.android.gms:play-services-base:18.1.0] AndroidManifest.xml:22:19-43
165            android:theme="@android:style/Theme.Translucent.NoTitleBar" />
165-->[com.google.android.gms:play-services-base:18.1.0] AndroidManifest.xml:21:19-78
166
167        <provider
167-->[androidx.work:work-runtime:2.7.0] AndroidManifest.xml:31:9-39:20
168            android:name="androidx.startup.InitializationProvider"
168-->[androidx.work:work-runtime:2.7.0] AndroidManifest.xml:32:13-67
169            android:authorities="com.streamingtv.channelstv.androidx-startup"
169-->[androidx.work:work-runtime:2.7.0] AndroidManifest.xml:33:13-68
170            android:exported="false" >
170-->[androidx.work:work-runtime:2.7.0] AndroidManifest.xml:34:13-37
171            <meta-data
171-->[androidx.work:work-runtime:2.7.0] AndroidManifest.xml:36:13-38:52
172                android:name="androidx.work.WorkManagerInitializer"
172-->[androidx.work:work-runtime:2.7.0] AndroidManifest.xml:37:17-68
173                android:value="androidx.startup" />
173-->[androidx.work:work-runtime:2.7.0] AndroidManifest.xml:38:17-49
174            <meta-data
174-->[androidx.emoji2:emoji2:1.3.0] AndroidManifest.xml:29:13-31:52
175                android:name="androidx.emoji2.text.EmojiCompatInitializer"
175-->[androidx.emoji2:emoji2:1.3.0] AndroidManifest.xml:30:17-75
176                android:value="androidx.startup" />
176-->[androidx.emoji2:emoji2:1.3.0] AndroidManifest.xml:31:17-49
177            <meta-data
177-->[androidx.lifecycle:lifecycle-process:2.8.7] AndroidManifest.xml:29:13-31:52
178                android:name="androidx.lifecycle.ProcessLifecycleInitializer"
178-->[androidx.lifecycle:lifecycle-process:2.8.7] AndroidManifest.xml:30:17-78
179                android:value="androidx.startup" />
179-->[androidx.lifecycle:lifecycle-process:2.8.7] AndroidManifest.xml:31:17-49
180            <meta-data
180-->[androidx.profileinstaller:profileinstaller:1.3.1] AndroidManifest.xml:29:13-31:52
181                android:name="androidx.profileinstaller.ProfileInstallerInitializer"
181-->[androidx.profileinstaller:profileinstaller:1.3.1] AndroidManifest.xml:30:17-85
182                android:value="androidx.startup" />
182-->[androidx.profileinstaller:profileinstaller:1.3.1] AndroidManifest.xml:31:17-49
183        </provider>
184
185        <service
185-->[androidx.work:work-runtime:2.7.0] AndroidManifest.xml:41:9-46:35
186            android:name="androidx.work.impl.background.systemalarm.SystemAlarmService"
186-->[androidx.work:work-runtime:2.7.0] AndroidManifest.xml:42:13-88
187            android:directBootAware="false"
187-->[androidx.work:work-runtime:2.7.0] AndroidManifest.xml:43:13-44
188            android:enabled="@bool/enable_system_alarm_service_default"
188-->[androidx.work:work-runtime:2.7.0] AndroidManifest.xml:44:13-72
189            android:exported="false" />
189-->[androidx.work:work-runtime:2.7.0] AndroidManifest.xml:45:13-37
190        <service
190-->[androidx.work:work-runtime:2.7.0] AndroidManifest.xml:47:9-53:35
191            android:name="androidx.work.impl.background.systemjob.SystemJobService"
191-->[androidx.work:work-runtime:2.7.0] AndroidManifest.xml:48:13-84
192            android:directBootAware="false"
192-->[androidx.work:work-runtime:2.7.0] AndroidManifest.xml:49:13-44
193            android:enabled="@bool/enable_system_job_service_default"
193-->[androidx.work:work-runtime:2.7.0] AndroidManifest.xml:50:13-70
194            android:exported="true"
194-->[androidx.work:work-runtime:2.7.0] AndroidManifest.xml:51:13-36
195            android:permission="android.permission.BIND_JOB_SERVICE" />
195-->[androidx.work:work-runtime:2.7.0] AndroidManifest.xml:52:13-69
196        <service
196-->[androidx.work:work-runtime:2.7.0] AndroidManifest.xml:54:9-59:35
197            android:name="androidx.work.impl.foreground.SystemForegroundService"
197-->[androidx.work:work-runtime:2.7.0] AndroidManifest.xml:55:13-81
198            android:directBootAware="false"
198-->[androidx.work:work-runtime:2.7.0] AndroidManifest.xml:56:13-44
199            android:enabled="@bool/enable_system_foreground_service_default"
199-->[androidx.work:work-runtime:2.7.0] AndroidManifest.xml:57:13-77
200            android:exported="false" />
200-->[androidx.work:work-runtime:2.7.0] AndroidManifest.xml:58:13-37
201
202        <receiver
202-->[androidx.work:work-runtime:2.7.0] AndroidManifest.xml:61:9-66:35
203            android:name="androidx.work.impl.utils.ForceStopRunnable$BroadcastReceiver"
203-->[androidx.work:work-runtime:2.7.0] AndroidManifest.xml:62:13-88
204            android:directBootAware="false"
204-->[androidx.work:work-runtime:2.7.0] AndroidManifest.xml:63:13-44
205            android:enabled="true"
205-->[androidx.work:work-runtime:2.7.0] AndroidManifest.xml:64:13-35
206            android:exported="false" />
206-->[androidx.work:work-runtime:2.7.0] AndroidManifest.xml:65:13-37
207        <receiver
207-->[androidx.work:work-runtime:2.7.0] AndroidManifest.xml:67:9-77:20
208            android:name="androidx.work.impl.background.systemalarm.ConstraintProxy$BatteryChargingProxy"
208-->[androidx.work:work-runtime:2.7.0] AndroidManifest.xml:68:13-106
209            android:directBootAware="false"
209-->[androidx.work:work-runtime:2.7.0] AndroidManifest.xml:69:13-44
210            android:enabled="false"
210-->[androidx.work:work-runtime:2.7.0] AndroidManifest.xml:70:13-36
211            android:exported="false" >
211-->[androidx.work:work-runtime:2.7.0] AndroidManifest.xml:71:13-37
212            <intent-filter>
212-->[androidx.work:work-runtime:2.7.0] AndroidManifest.xml:73:13-76:29
213                <action android:name="android.intent.action.ACTION_POWER_CONNECTED" />
213-->[androidx.work:work-runtime:2.7.0] AndroidManifest.xml:74:17-87
213-->[androidx.work:work-runtime:2.7.0] AndroidManifest.xml:74:25-84
214                <action android:name="android.intent.action.ACTION_POWER_DISCONNECTED" />
214-->[androidx.work:work-runtime:2.7.0] AndroidManifest.xml:75:17-90
214-->[androidx.work:work-runtime:2.7.0] AndroidManifest.xml:75:25-87
215            </intent-filter>
216        </receiver>
217        <receiver
217-->[androidx.work:work-runtime:2.7.0] AndroidManifest.xml:78:9-88:20
218            android:name="androidx.work.impl.background.systemalarm.ConstraintProxy$BatteryNotLowProxy"
218-->[androidx.work:work-runtime:2.7.0] AndroidManifest.xml:79:13-104
219            android:directBootAware="false"
219-->[androidx.work:work-runtime:2.7.0] AndroidManifest.xml:80:13-44
220            android:enabled="false"
220-->[androidx.work:work-runtime:2.7.0] AndroidManifest.xml:81:13-36
221            android:exported="false" >
221-->[androidx.work:work-runtime:2.7.0] AndroidManifest.xml:82:13-37
222            <intent-filter>
222-->[androidx.work:work-runtime:2.7.0] AndroidManifest.xml:84:13-87:29
223                <action android:name="android.intent.action.BATTERY_OKAY" />
223-->[androidx.work:work-runtime:2.7.0] AndroidManifest.xml:85:17-77
223-->[androidx.work:work-runtime:2.7.0] AndroidManifest.xml:85:25-74
224                <action android:name="android.intent.action.BATTERY_LOW" />
224-->[androidx.work:work-runtime:2.7.0] AndroidManifest.xml:86:17-76
224-->[androidx.work:work-runtime:2.7.0] AndroidManifest.xml:86:25-73
225            </intent-filter>
226        </receiver>
227        <receiver
227-->[androidx.work:work-runtime:2.7.0] AndroidManifest.xml:89:9-99:20
228            android:name="androidx.work.impl.background.systemalarm.ConstraintProxy$StorageNotLowProxy"
228-->[androidx.work:work-runtime:2.7.0] AndroidManifest.xml:90:13-104
229            android:directBootAware="false"
229-->[androidx.work:work-runtime:2.7.0] AndroidManifest.xml:91:13-44
230            android:enabled="false"
230-->[androidx.work:work-runtime:2.7.0] AndroidManifest.xml:92:13-36
231            android:exported="false" >
231-->[androidx.work:work-runtime:2.7.0] AndroidManifest.xml:93:13-37
232            <intent-filter>
232-->[androidx.work:work-runtime:2.7.0] AndroidManifest.xml:95:13-98:29
233                <action android:name="android.intent.action.DEVICE_STORAGE_LOW" />
233-->[androidx.work:work-runtime:2.7.0] AndroidManifest.xml:96:17-83
233-->[androidx.work:work-runtime:2.7.0] AndroidManifest.xml:96:25-80
234                <action android:name="android.intent.action.DEVICE_STORAGE_OK" />
234-->[androidx.work:work-runtime:2.7.0] AndroidManifest.xml:97:17-82
234-->[androidx.work:work-runtime:2.7.0] AndroidManifest.xml:97:25-79
235            </intent-filter>
236        </receiver>
237        <receiver
237-->[androidx.work:work-runtime:2.7.0] AndroidManifest.xml:100:9-109:20
238            android:name="androidx.work.impl.background.systemalarm.ConstraintProxy$NetworkStateProxy"
238-->[androidx.work:work-runtime:2.7.0] AndroidManifest.xml:101:13-103
239            android:directBootAware="false"
239-->[androidx.work:work-runtime:2.7.0] AndroidManifest.xml:102:13-44
240            android:enabled="false"
240-->[androidx.work:work-runtime:2.7.0] AndroidManifest.xml:103:13-36
241            android:exported="false" >
241-->[androidx.work:work-runtime:2.7.0] AndroidManifest.xml:104:13-37
242            <intent-filter>
242-->[androidx.work:work-runtime:2.7.0] AndroidManifest.xml:106:13-108:29
243                <action android:name="android.net.conn.CONNECTIVITY_CHANGE" />
243-->[androidx.work:work-runtime:2.7.0] AndroidManifest.xml:107:17-79
243-->[androidx.work:work-runtime:2.7.0] AndroidManifest.xml:107:25-76
244            </intent-filter>
245        </receiver>
246        <receiver
246-->[androidx.work:work-runtime:2.7.0] AndroidManifest.xml:110:9-121:20
247            android:name="androidx.work.impl.background.systemalarm.RescheduleReceiver"
247-->[androidx.work:work-runtime:2.7.0] AndroidManifest.xml:111:13-88
248            android:directBootAware="false"
248-->[androidx.work:work-runtime:2.7.0] AndroidManifest.xml:112:13-44
249            android:enabled="false"
249-->[androidx.work:work-runtime:2.7.0] AndroidManifest.xml:113:13-36
250            android:exported="false" >
250-->[androidx.work:work-runtime:2.7.0] AndroidManifest.xml:114:13-37
251            <intent-filter>
251-->[androidx.work:work-runtime:2.7.0] AndroidManifest.xml:116:13-120:29
252                <action android:name="android.intent.action.BOOT_COMPLETED" />
252-->[androidx.work:work-runtime:2.7.0] AndroidManifest.xml:117:17-79
252-->[androidx.work:work-runtime:2.7.0] AndroidManifest.xml:117:25-76
253                <action android:name="android.intent.action.TIME_SET" />
253-->[androidx.work:work-runtime:2.7.0] AndroidManifest.xml:118:17-73
253-->[androidx.work:work-runtime:2.7.0] AndroidManifest.xml:118:25-70
254                <action android:name="android.intent.action.TIMEZONE_CHANGED" />
254-->[androidx.work:work-runtime:2.7.0] AndroidManifest.xml:119:17-81
254-->[androidx.work:work-runtime:2.7.0] AndroidManifest.xml:119:25-78
255            </intent-filter>
256        </receiver>
257        <receiver
257-->[androidx.work:work-runtime:2.7.0] AndroidManifest.xml:122:9-131:20
258            android:name="androidx.work.impl.background.systemalarm.ConstraintProxyUpdateReceiver"
258-->[androidx.work:work-runtime:2.7.0] AndroidManifest.xml:123:13-99
259            android:directBootAware="false"
259-->[androidx.work:work-runtime:2.7.0] AndroidManifest.xml:124:13-44
260            android:enabled="@bool/enable_system_alarm_service_default"
260-->[androidx.work:work-runtime:2.7.0] AndroidManifest.xml:125:13-72
261            android:exported="false" >
261-->[androidx.work:work-runtime:2.7.0] AndroidManifest.xml:126:13-37
262            <intent-filter>
262-->[androidx.work:work-runtime:2.7.0] AndroidManifest.xml:128:13-130:29
263                <action android:name="androidx.work.impl.background.systemalarm.UpdateProxies" />
263-->[androidx.work:work-runtime:2.7.0] AndroidManifest.xml:129:17-98
263-->[androidx.work:work-runtime:2.7.0] AndroidManifest.xml:129:25-95
264            </intent-filter>
265        </receiver>
266        <receiver
266-->[androidx.work:work-runtime:2.7.0] AndroidManifest.xml:132:9-142:20
267            android:name="androidx.work.impl.diagnostics.DiagnosticsReceiver"
267-->[androidx.work:work-runtime:2.7.0] AndroidManifest.xml:133:13-78
268            android:directBootAware="false"
268-->[androidx.work:work-runtime:2.7.0] AndroidManifest.xml:134:13-44
269            android:enabled="true"
269-->[androidx.work:work-runtime:2.7.0] AndroidManifest.xml:135:13-35
270            android:exported="true"
270-->[androidx.work:work-runtime:2.7.0] AndroidManifest.xml:136:13-36
271            android:permission="android.permission.DUMP" >
271-->[androidx.work:work-runtime:2.7.0] AndroidManifest.xml:137:13-57
272            <intent-filter>
272-->[androidx.work:work-runtime:2.7.0] AndroidManifest.xml:139:13-141:29
273                <action android:name="androidx.work.diagnostics.REQUEST_DIAGNOSTICS" />
273-->[androidx.work:work-runtime:2.7.0] AndroidManifest.xml:140:17-88
273-->[androidx.work:work-runtime:2.7.0] AndroidManifest.xml:140:25-85
274            </intent-filter>
275        </receiver>
276
277        <uses-library